<?xml version="1.0" encoding="UTF-8"?>
<testsuite name="MyLinkedListTest" tests="1" skipped="0" failures="0" errors="0" timestamp="2021-05-16T22:04:46" hostname="neo" time="0.054">
  <properties/>
  <testcase name="Deleteing40InLinkedListshouldPassTest()" classname="MyLinkedListTest" time="0.054"/>
  <system-out><![CDATA[My Nodes: 56->30->40->70
My Nodes: 56->30->70
Size: 3
]]></system-out>
  <system-err><![CDATA[]]></system-err>
</testsuite>
